Looking for git in: git
Using git 2.17.1 from git
> git rev-parse --show-toplevel
> git rev-parse --git-dir
> git config --get commit.template
Open repository: /var/www/html/gestor_hoteles
> git status -z -u
> git symbolic-ref --short HEAD
> git rev-parse master
> git rev-parse --symbolic-full-name master@{u}
> git rev-list --left-right master...refs/remotes/origin/master
> git for-each-ref --format %(refname) %(objectname) --sort -committerdate
> git remote --verbose
> git show :controllers/HabitacionController.php
> git ls-files --stage -- controllers/
> git config --global user.email
> git check-ignore -v -z --stdin
> git show :controllers/HabitacionController.php
> git ls-files --stage -- controllers/
> git show :controllers/HabitacionController.php
> git ls-files --stage -- controllers/
> git show :controllers/HotelesController.php
> git show :controllers/HabitacionController.php
> git ls-files --stage -- controllers/
