Looking for git in: git
Using git 2.17.1 from git
> git rev-parse --show-toplevel
> git rev-parse --git-dir
> git config --get commit.template
Open repository: /var/www/html/reto-ensure-2.0
> git status -z -u
> git symbolic-ref --short HEAD
> git rev-parse master
> git rev-parse --symbolic-full-name master@{u}
> git rev-list --left-right master...refs/remotes/origin/master
> git for-each-ref --format %(refname) %(objectname) --sort -committerdate
> git remote --verbose
Failed to watch ref '/var/www/html/reto-ensure-2.0/.git/refs/remotes/origin/master', is most likely packed.
Error: ENOENT: no such file or directory, watch '/var/www/html/reto-ensure-2.0/.git/refs/remotes/origin/master'
	at FSWatcher.start (internal/fs/watchers.js:164:26)
	at Object.watch (fs.js:1232:11)
	at Object.t.watch (/usr/share/code/resources/app/extensions/git/dist/main.js:1:594639)
	at T.updateTransientWatchers (/usr/share/code/resources/app/extensions/git/dist/main.js:1:98365)
	at u.fire (/usr/share/code/resources/app/out/vs/workbench/services/extensions/node/extensionHostProcess.js:50:227)
	at k.updateModelState (/usr/share/code/resources/app/extensions/git/dist/main.js:1:116241)
> git check-ignore -v -z --stdin
> git check-ignore -v -z --stdin
> git check-ignore -v -z --stdin
> git show :backend/config/main.php
> git config --global user.email
> git show :backend/config/main.php
> git check-ignore -v -z --stdin
> git check-ignore -v -z --stdin
> git show :frontend/models/MiReto.php
> git check-ignore -v -z --stdin
> git show :frontend/controllers/MiretoController.php
> git show :frontend/controllers/SiteController.php
> git show :frontend/controllers/SalesforceController.php
> git show :frontend/controllers/SiteControllerBak.php
> git show :frontend/controllers/SiteController.php
> git show :frontend/controllers/MiretoController.php
> git check-ignore -v -z --stdin
> git check-ignore -v -z --stdin
> git show :common/models/GlobalFunctions.php
> git show :frontend/models/MiReto.php
